0000              1   ;--------------------------------------------------------
0000              2   ; File Created by C51
0000              3   ; Version 1.0.0 #1069 (Apr 23 2015) (MSVC)
0000              4   ; This file was generated Wed Mar 09 14:35:00 2022
0000              5   ;--------------------------------------------------------
                  5   $name LCD_4bit_AT89LP51RC2
                  6   $optc51 --model-small
0000              8            R_DSEG    segment data
0000              9            R_CSEG    segment code
0000             10            R_BSEG    segment bit
0000             11            R_XSEG    segment xdata
0000             12            R_PSEG    segment xdata
0000             13            R_ISEG    segment idata
0000             14            R_OSEG    segment data overlay
0000             15            BIT_BANK  segment data overlay
0000             16            R_HOME    segment code
0000             17            R_GSINIT  segment code
0000             18            R_IXSEG   segment xdata
0000             19            R_CONST   segment code
0000             20            R_XINIT   segment code
0000             21            R_DINIT   segment code
0000             22   
0000             23   ;--------------------------------------------------------
0000             24   ; Public variables in this module
0000             25   ;--------------------------------------------------------
0000             26            public _main
0000             27            public _mystr
0000             28   ;--------------------------------------------------------
0000             29   ; Special Function Registers
0000             30   ;--------------------------------------------------------
0000             31   _ACC            DATA 0xe0
0000             32   _B              DATA 0xf0
0000             33   _PSW            DATA 0xd0
0000             34   _SP             DATA 0x81
0000             35   _SPX            DATA 0xef
0000             36   _DPL            DATA 0x82
0000             37   _DPH            DATA 0x83
0000             38   _DPLB           DATA 0xd4
0000             39   _DPHB           DATA 0xd5
0000             40   _PAGE           DATA 0xf6
0000             41   _AX             DATA 0xe1
0000             42   _BX             DATA 0xf7
0000             43   _DSPR           DATA 0xe2
0000             44   _FIRD           DATA 0xe3
0000             45   _MACL           DATA 0xe4
0000             46   _MACH           DATA 0xe5
0000             47   _PCON           DATA 0x87
0000             48   _AUXR           DATA 0x8e
0000             49   _AUXR1          DATA 0xa2
0000             50   _DPCF           DATA 0xa1
0000             51   _CKRL           DATA 0x97
0000             52   _CKCKON0        DATA 0x8f
0000             53   _CKCKON1        DATA 0xaf
0000             54   _CKSEL          DATA 0x85
0000             55   _CLKREG         DATA 0xae
0000             56   _OSCCON         DATA 0x85
0000             57   _IE             DATA 0xa8
0000             58   _IEN0           DATA 0xa8
0000             59   _IEN1           DATA 0xb1
0000             60   _IPH0           DATA 0xb7
0000             61   _IP             DATA 0xb8
0000             62   _IPL0           DATA 0xb8
0000             63   _IPH1           DATA 0xb3
0000             64   _IPL1           DATA 0xb2
0000             65   _P0             DATA 0x80
0000             66   _P1             DATA 0x90
0000             67   _P2             DATA 0xa0
0000             68   _P3             DATA 0xb0
0000             69   _P4             DATA 0xc0
0000             70   _P0M0           DATA 0xe6
0000             71   _P0M1           DATA 0xe7
0000             72   _P1M0           DATA 0xd6
0000             73   _P1M1           DATA 0xd7
0000             74   _P2M0           DATA 0xce
0000             75   _P2M1           DATA 0xcf
0000             76   _P3M0           DATA 0xc6
0000             77   _P3M1           DATA 0xc7
0000             78   _P4M0           DATA 0xbe
0000             79   _P4M1           DATA 0xbf
0000             80   _SCON           DATA 0x98
0000             81   _SBUF           DATA 0x99
0000             82   _SADEN          DATA 0xb9
0000             83   _SADDR          DATA 0xa9
0000             84   _BDRCON         DATA 0x9b
0000             85   _BRL            DATA 0x9a
0000             86   _TCON           DATA 0x88
0000             87   _TMOD           DATA 0x89
0000             88   _TCONB          DATA 0x91
0000             89   _TL0            DATA 0x8a
0000             90   _TH0            DATA 0x8c
0000             91   _TL1            DATA 0x8b
0000             92   _TH1            DATA 0x8d
0000             93   _RL0            DATA 0xf2
0000             94   _RH0            DATA 0xf4
0000             95   _RL1            DATA 0xf3
0000             96   _RH1            DATA 0xf5
0000             97   _WDTRST         DATA 0xa6
0000             98   _WDTPRG         DATA 0xa7
0000             99   _T2CON          DATA 0xc8
0000            100   _T2MOD          DATA 0xc9
0000            101   _RCAP2H         DATA 0xcb
0000            102   _RCAP2L         DATA 0xca
0000            103   _TH2            DATA 0xcd
0000            104   _TL2            DATA 0xcc
0000            105   _SPCON          DATA 0xc3
0000            106   _SPSTA          DATA 0xc4
0000            107   _SPDAT          DATA 0xc5
0000            108   _SSCON          DATA 0x93
0000            109   _SSCS           DATA 0x94
0000            110   _SSDAT          DATA 0x95
0000            111   _SSADR          DATA 0x96
0000            112   _KBLS           DATA 0x9c
0000            113   _KBE            DATA 0x9d
0000            114   _KBF            DATA 0x9e
0000            115   _KBMOD          DATA 0x9f
0000            116   _BMSEL          DATA 0x92
0000            117   _FCON           DATA 0xd2
0000            118   _EECON          DATA 0xd2
0000            119   _ACSRA          DATA 0xa3
0000            120   _ACSRB          DATA 0xab
0000            121   _AREF           DATA 0xbd
0000            122   _DADC           DATA 0xa4
0000            123   _DADI           DATA 0xa5
0000            124   _DADL           DATA 0xac
0000            125   _DADH           DATA 0xad
0000            126   _CCON           DATA 0xd8
0000            127   _CMOD           DATA 0xd9
0000            128   _CL             DATA 0xe9
0000            129   _CH             DATA 0xf9
0000            130   _CCAPM0         DATA 0xda
0000            131   _CCAPM1         DATA 0xdb
0000            132   _CCAPM2         DATA 0xdc
0000            133   _CCAPM3         DATA 0xdd
0000            134   _CCAPM4         DATA 0xde
0000            135   _CCAP0H         DATA 0xfa
0000            136   _CCAP1H         DATA 0xfb
0000            137   _CCAP2H         DATA 0xfc
0000            138   _CCAP3H         DATA 0xfd
0000            139   _CCAP4H         DATA 0xfe
0000            140   _CCAP0L         DATA 0xea
0000            141   _CCAP1L         DATA 0xeb
0000            142   _CCAP2L         DATA 0xec
0000            143   _CCAP3L         DATA 0xed
0000            144   _CCAP4L         DATA 0xee
0000            145   ;--------------------------------------------------------
0000            146   ; special function bits
0000            147   ;--------------------------------------------------------
0000            148   _ACC_0          BIT 0xe0
0000            149   _ACC_1          BIT 0xe1
0000            150   _ACC_2          BIT 0xe2
0000            151   _ACC_3          BIT 0xe3
0000            152   _ACC_4          BIT 0xe4
0000            153   _ACC_5          BIT 0xe5
0000            154   _ACC_6          BIT 0xe6
0000            155   _ACC_7          BIT 0xe7
0000            156   _B_0            BIT 0xf0
0000            157   _B_1            BIT 0xf1
0000            158   _B_2            BIT 0xf2
0000            159   _B_3            BIT 0xf3
0000            160   _B_4            BIT 0xf4
0000            161   _B_5            BIT 0xf5
0000            162   _B_6            BIT 0xf6
0000            163   _B_7            BIT 0xf7
0000            164   _P              BIT 0xd0
0000            165   _F1             BIT 0xd1
0000            166   _OV             BIT 0xd2
0000            167   _RS0            BIT 0xd3
0000            168   _RS1            BIT 0xd4
0000            169   _F0             BIT 0xd5
0000            170   _AC             BIT 0xd6
0000            171   _CY             BIT 0xd7
0000            172   _EX0            BIT 0xa8
0000            173   _ET0            BIT 0xa9
0000            174   _EX1            BIT 0xaa
0000            175   _ET1            BIT 0xab
0000            176   _ES             BIT 0xac
0000            177   _ET2            BIT 0xad
0000            178   _EC             BIT 0xae
0000            179   _EA             BIT 0xaf
0000            180   _PX0            BIT 0xb8
0000            181   _PT0            BIT 0xb9
0000            182   _PX1            BIT 0xba
0000            183   _PT1            BIT 0xbb
0000            184   _PS             BIT 0xbc
0000            185   _PT2            BIT 0xbd
0000            186   _IP0D           BIT 0xbf
0000            187   _PPCL           BIT 0xbe
0000            188   _PT2L           BIT 0xbd
0000            189   _PLS            BIT 0xbc
0000            190   _PT1L           BIT 0xbb
0000            191   _PX1L           BIT 0xba
0000            192   _PT0L           BIT 0xb9
0000            193   _PX0L           BIT 0xb8
0000            194   _P0_0           BIT 0x80
0000            195   _P0_1           BIT 0x81
0000            196   _P0_2           BIT 0x82
0000            197   _P0_3           BIT 0x83
0000            198   _P0_4           BIT 0x84
0000            199   _P0_5           BIT 0x85
0000            200   _P0_6           BIT 0x86
0000            201   _P0_7           BIT 0x87
0000            202   _P1_0           BIT 0x90
0000            203   _P1_1           BIT 0x91
0000            204   _P1_2           BIT 0x92
0000            205   _P1_3           BIT 0x93
0000            206   _P1_4           BIT 0x94
0000            207   _P1_5           BIT 0x95
0000            208   _P1_6           BIT 0x96
0000            209   _P1_7           BIT 0x97
0000            210   _P2_0           BIT 0xa0
0000            211   _P2_1           BIT 0xa1
0000            212   _P2_2           BIT 0xa2
0000            213   _P2_3           BIT 0xa3
0000            214   _P2_4           BIT 0xa4
0000            215   _P2_5           BIT 0xa5
0000            216   _P2_6           BIT 0xa6
0000            217   _P2_7           BIT 0xa7
0000            218   _P3_0           BIT 0xb0
0000            219   _P3_1           BIT 0xb1
0000            220   _P3_2           BIT 0xb2
0000            221   _P3_3           BIT 0xb3
0000            222   _P3_4           BIT 0xb4
0000            223   _P3_5           BIT 0xb5
0000            224   _P3_6           BIT 0xb6
0000            225   _P3_7           BIT 0xb7
0000            226   _RXD            BIT 0xb0
0000            227   _TXD            BIT 0xb1
0000            228   _INT0           BIT 0xb2
0000            229   _INT1           BIT 0xb3
0000            230   _T0             BIT 0xb4
0000            231   _T1             BIT 0xb5
0000            232   _WR             BIT 0xb6
0000            233   _RD             BIT 0xb7
0000            234   _P4_0           BIT 0xc0
0000            235   _P4_1           BIT 0xc1
0000            236   _P4_2           BIT 0xc2
0000            237   _P4_3           BIT 0xc3
0000            238   _P4_4           BIT 0xc4
0000            239   _P4_5           BIT 0xc5
0000            240   _P4_6           BIT 0xc6
0000            241   _P4_7           BIT 0xc7
0000            242   _RI             BIT 0x98
0000            243   _TI             BIT 0x99
0000            244   _RB8            BIT 0x9a
0000            245   _TB8            BIT 0x9b
0000            246   _REN            BIT 0x9c
0000            247   _SM2            BIT 0x9d
0000            248   _SM1            BIT 0x9e
0000            249   _SM0            BIT 0x9f
0000            250   _IT0            BIT 0x88
0000            251   _IE0            BIT 0x89
0000            252   _IT1            BIT 0x8a
0000            253   _IE1            BIT 0x8b
0000            254   _TR0            BIT 0x8c
0000            255   _TF0            BIT 0x8d
0000            256   _TR1            BIT 0x8e
0000            257   _TF1            BIT 0x8f
0000            258   _CP_RL2         BIT 0xc8
0000            259   _C_T2           BIT 0xc9
0000            260   _TR2            BIT 0xca
0000            261   _EXEN2          BIT 0xcb
0000            262   _TCLK           BIT 0xcc
0000            263   _RCLK           BIT 0xcd
0000            264   _EXF2           BIT 0xce
0000            265   _TF2            BIT 0xcf
0000            266   _CF             BIT 0xdf
0000            267   _CR             BIT 0xde
0000            268   _CCF4           BIT 0xdc
0000            269   _CCF3           BIT 0xdb
0000            270   _CCF2           BIT 0xda
0000            271   _CCF1           BIT 0xd9
0000            272   _CCF0           BIT 0xd8
0000            273   ;--------------------------------------------------------
0000            274   ; overlayable register banks
0000            275   ;--------------------------------------------------------
0000            276            rbank0 segment data overlay
0000            277   ;--------------------------------------------------------
0000            278   ; internal ram data
0000            279   ;--------------------------------------------------------
0000            280            rseg R_DSEG
0000            281   _mystr:
0000            282            ds 17
0011            283   ;--------------------------------------------------------
0011            284   ; overlayable items in internal ram 
0011            285   ;--------------------------------------------------------
0000            286            rseg R_OSEG
0000            287   ;--------------------------------------------------------
0000            288   ; indirectly addressable internal ram data
0000            289   ;--------------------------------------------------------
0000            290            rseg R_ISEG
0000            291   ;--------------------------------------------------------
0000            292   ; absolute internal ram data
0000            293   ;--------------------------------------------------------
0000            294            DSEG
0000            295   ;--------------------------------------------------------
0000            296   ; bit data
0000            297   ;--------------------------------------------------------
0000            298            rseg R_BSEG
0000            299   ;--------------------------------------------------------
0000            300   ; paged external ram data
0000            301   ;--------------------------------------------------------
0000            302            rseg R_PSEG
0000            303   ;--------------------------------------------------------
0000            304   ; external ram data
0000            305   ;--------------------------------------------------------
0000            306            rseg R_XSEG
0000            307   ;--------------------------------------------------------
0000            308   ; absolute external ram data
0000            309   ;--------------------------------------------------------
0000            310            XSEG
0000            311   ;--------------------------------------------------------
0000            312   ; external initialized ram data
0000            313   ;--------------------------------------------------------
0000            314            rseg R_IXSEG
0000            315            rseg R_HOME
0000            316            rseg R_GSINIT
0000            317            rseg R_CSEG
0000            318   ;--------------------------------------------------------
0000            319   ; Reset entry point and interrupt vectors
0000            320   ;--------------------------------------------------------
0000            321            CSEG at 0x0000
0000 020100     322            ljmp    _crt0
0003            323   ;--------------------------------------------------------
0003            324   ; global & static initialisations
0003            325   ;--------------------------------------------------------
0000            326            rseg R_HOME
0000            327            rseg R_GSINIT
0000            328            rseg R_GSINIT
0000            329   ;--------------------------------------------------------
0000            330   ; data variables initialization
0000            331   ;--------------------------------------------------------
0000            332            rseg R_DINIT
0000            333            ; The linker places a 'ret' at the end of segment R_DINIT.
0000            334   ;--------------------------------------------------------
0000            335   ; code
0000            336   ;--------------------------------------------------------
0000            337            rseg R_CSEG
0000            338   ;------------------------------------------------------------
0000            339   ;Allocation info for local variables in function 'main'
0000            340   ;------------------------------------------------------------
0000            341   ;j                         Allocated to registers r2 
0000            342   ;c                         Allocated to registers r4 
0000            343   ;------------------------------------------------------------
0000            344   ;        C:\Users\mtale\Desktop\ELEC291\Lab_5\AT89LP51Rx2_make_projects\LCD\LCD_4bit_AT89LP51RC2.c:10: void main (void)
0000            345   ;        -----------------------------------------
0000            346   ;         function main
0000            347   ;        -----------------------------------------
0000            348   _main:
0000            349            using   0
0000            350   ;        C:\Users\mtale\Desktop\ELEC291\Lab_5\AT89LP51Rx2_make_projects\LCD\LCD_4bit_AT89LP51RC2.c:15: waitms(500); // Gives time to putty to start before sending text
0000 9001F4     351            mov     dptr,#0x01F4
0003 120100     352            lcall   _waitms
0006            353   ;        C:\Users\mtale\Desktop\ELEC291\Lab_5\AT89LP51Rx2_make_projects\LCD\LCD_4bit_AT89LP51RC2.c:18: LCD_4BIT();
0006 120100     354            lcall   _LCD_4BIT
0009            355   ;        C:\Users\mtale\Desktop\ELEC291\Lab_5\AT89LP51Rx2_make_projects\LCD\LCD_4bit_AT89LP51RC2.c:21: LCDprint("LCD 4-bit test:", 1, 1);
0009 750001     356            mov     _LCDprint_PARM_2,#0x01
000C D200       357            setb    _LCDprint_PARM_3
000E 907D70     358            mov     dptr,#__str_0
0011 75F080     359            mov     b,#0x80
0014 120100     360            lcall   _LCDprint
0017            361   ;        C:\Users\mtale\Desktop\ELEC291\Lab_5\AT89LP51Rx2_make_projects\LCD\LCD_4bit_AT89LP51RC2.c:22: LCDprint("Hello, World!", 2, 1);
0017 750002     362            mov     _LCDprint_PARM_2,#0x02
001A D200       363            setb    _LCDprint_PARM_3
001C 907E30     364            mov     dptr,#__str_1
001F 75F080     365            mov     b,#0x80
0022 120100     366            lcall   _LCDprint
0025            367   ;        C:\Users\mtale\Desktop\ELEC291\Lab_5\AT89LP51Rx2_make_projects\LCD\LCD_4bit_AT89LP51RC2.c:25: printf("LCD test.\nType something and press <Enter>\n(it will show in the LCD, %d characters max): ", CHARS_PER_LINE);
0025 7410       368            mov     a,#0x10
0027 C0E0       369            push    acc
0029 E4         370            clr     a
002A C0E0       371            push    acc
002C 74B0       372            mov     a,#__str_2
002E C0E0       373            push    acc
0030 747E       374            mov     a,#(__str_2 >> 8)
0032 C0E0       375            push    acc
0034 7480       376            mov     a,#0x80
0036 C0E0       377            push    acc
0038 120100     378            lcall   _printf
003B E581       379            mov     a,sp
003D 24FB       380            add     a,#0xfb
003F F581       381            mov     sp,a
0041            382   ;        C:\Users\mtale\Desktop\ELEC291\Lab_5\AT89LP51Rx2_make_projects\LCD\LCD_4bit_AT89LP51RC2.c:27: while(1)
0041            383   L002013?:
0041            384   ;        C:\Users\mtale\Desktop\ELEC291\Lab_5\AT89LP51Rx2_make_projects\LCD\LCD_4bit_AT89LP51RC2.c:29: if(RI)
0041 309870     385            jnb     _RI,L002013?
0044            386   ;        C:\Users\mtale\Desktop\ELEC291\Lab_5\AT89LP51Rx2_make_projects\LCD\LCD_4bit_AT89LP51RC2.c:32: for(j=0; j<CHARS_PER_LINE; j++)
0044 7A00       387            mov     r2,#0x00
0046 7B00       388            mov     r3,#0x00
0048            389   L002004?:
0048 BB10F0     390            cjne    r3,#0x10,L002024?
004B            391   L002024?:
004B 5001       392            jnc     L002007?
004D            393   ;        C:\Users\mtale\Desktop\ELEC291\Lab_5\AT89LP51Rx2_make_projects\LCD\LCD_4bit_AT89LP51RC2.c:34: c=getchar();
004D C002       394            push    ar2
004F C003       395            push    ar3
0051 120100     396            lcall   _getchar
0054 AC82       397            mov     r4,dpl
0056 D003       398            pop     ar3
0058 D002       399            pop     ar2
005A            400   ;        C:\Users\mtale\Desktop\ELEC291\Lab_5\AT89LP51Rx2_make_projects\LCD\LCD_4bit_AT89LP51RC2.c:35: if((c=='\n')||(c=='\r'))
005A BC0AF0     401            cjne    r4,#0x0A,L002026?
005D 8001       402            sjmp    L002001?
005F            403   L002026?:
005F BC0D70     404            cjne    r4,#0x0D,L002002?
0062            405   L002001?:
0062            406   ;        C:\Users\mtale\Desktop\ELEC291\Lab_5\AT89LP51Rx2_make_projects\LCD\LCD_4bit_AT89LP51RC2.c:37: mystr[j]=0;
0062 EA         407            mov     a,r2
0063 24D0       408            add     a,#_mystr
0065 F8         409            mov     r0,a
0066 7600       410            mov     @r0,#0x00
0068            411   ;        C:\Users\mtale\Desktop\ELEC291\Lab_5\AT89LP51Rx2_make_projects\LCD\LCD_4bit_AT89LP51RC2.c:38: LCDprint(mystr, 2, 1);
0068 750002     412            mov     _LCDprint_PARM_2,#0x02
006B D200       413            setb    _LCDprint_PARM_3
006D 903FD0     414            mov     dptr,#_mystr
0070 75F040     415            mov     b,#0x40
0073 C002       416            push    ar2
0075 120100     417            lcall   _LCDprint
0078 D002       418            pop     ar2
007A            419   ;        C:\Users\mtale\Desktop\ELEC291\Lab_5\AT89LP51Rx2_make_projects\LCD\LCD_4bit_AT89LP51RC2.c:39: break;
007A 8001       420            sjmp    L002007?
007C            421   L002002?:
007C            422   ;        C:\Users\mtale\Desktop\ELEC291\Lab_5\AT89LP51Rx2_make_projects\LCD\LCD_4bit_AT89LP51RC2.c:41: mystr[j]=c;
007C EB         423            mov     a,r3
007D 24D0       424            add     a,#_mystr
007F F8         425            mov     r0,a
0080 A604       426            mov     @r0,ar4
0082            427   ;        C:\Users\mtale\Desktop\ELEC291\Lab_5\AT89LP51Rx2_make_projects\LCD\LCD_4bit_AT89LP51RC2.c:32: for(j=0; j<CHARS_PER_LINE; j++)
0082 0B         428            inc     r3
0083 8B02       429            mov     ar2,r3
0085 8001       430            sjmp    L002004?
0087            431   L002007?:
0087            432   ;        C:\Users\mtale\Desktop\ELEC291\Lab_5\AT89LP51Rx2_make_projects\LCD\LCD_4bit_AT89LP51RC2.c:43: if(j==CHARS_PER_LINE)
0087 BA10B0     433            cjne    r2,#0x10,L002009?
008A            434   ;        C:\Users\mtale\Desktop\ELEC291\Lab_5\AT89LP51Rx2_make_projects\LCD\LCD_4bit_AT89LP51RC2.c:45: mystr[j]=0;
008A EA         435            mov     a,r2
008B 24D0       436            add     a,#_mystr
008D F8         437            mov     r0,a
008E 7600       438            mov     @r0,#0x00
0090            439   ;        C:\Users\mtale\Desktop\ELEC291\Lab_5\AT89LP51Rx2_make_projects\LCD\LCD_4bit_AT89LP51RC2.c:46: LCDprint(mystr, 2, 1);
0090 750002     440            mov     _LCDprint_PARM_2,#0x02
0093 D200       441            setb    _LCDprint_PARM_3
0095 903FD0     442            mov     dptr,#_mystr
0098 75F040     443            mov     b,#0x40
009B 120100     444            lcall   _LCDprint
009E            445   L002009?:
009E            446   ;        C:\Users\mtale\Desktop\ELEC291\Lab_5\AT89LP51Rx2_make_projects\LCD\LCD_4bit_AT89LP51RC2.c:48: printf("\nType something: ");
009E 74F0       447            mov     a,#__str_3
00A0 C0E0       448            push    acc
00A2 7481       449            mov     a,#(__str_3 >> 8)
00A4 C0E0       450            push    acc
00A6 7480       451            mov     a,#0x80
00A8 C0E0       452            push    acc
00AA 120100     453            lcall   _printf
00AD 1581       454            dec     sp
00AF 1581       455            dec     sp
00B1 1581       456            dec     sp
00B3 020100     457            ljmp    L002013?
00B6            458            rseg R_CSEG
00B6            459   
0000            460            rseg R_XINIT
0000            461   
0000            462            rseg R_CONST
0000            463   __str_0:
0000 4C434420   464            db 'LCD 4-bit test:'
     342D6269
     74207465
     73743A
000F 00         465            db 0x00
0010            466   __str_1:
0010 48656C6C   467            db 'Hello, World!'
     6F2C2057
     6F726C64
     21
001D 00         468            db 0x00
001E            469   __str_2:
001E 4C434420   470            db 'LCD test.'
     74657374
     2E
0027 0A         471            db 0x0A
0028 54797065   472            db 'Type something and press <Enter>'
     20736F6D
     65746869
     6E672061
     6E642070
     72657373
     203C456E
     7465723E
0048 0A         473            db 0x0A
0049 28697420   474            db '(it will show in '
     77696C6C
     2073686F
     7720696E
     20
005A 74686520   475            db 'the LCD, %d characters max): '
     4C43442C
     20256420
     63686172
     61637465
     7273206D
     6178293A
     20
0077 00         476            db 0x00
0078            477   __str_3:
0078 0A         478            db 0x0A
0079 54797065   479            db 'Type something: '
     20736F6D
     65746869
     6E673A20
0089 00         480            db 0x00
008A            481   
0003            482            CSEG
0003            483   
0003            484   end
